current directory: /usr/local/bundle/ruby/3.4.0/gems/json-2.15.0/ext/json/ext/parser
/usr/local/bin/ruby extconf.rb
checking for rb_enc_interned_str() in ruby/encoding.h... yes
checking for rb_hash_new_capa() in ruby.h... yes
checking for rb_hash_bulk_insert() in ruby.h... yes
checking for strnlen() in string.h... yes
checking for whether -std=c99 is accepted as CFLAGS... yes
checking for arm_neon.h... yes
checking for cpuid.h... no
creating Makefile

current directory: /usr/local/bundle/ruby/3.4.0/gems/json-2.15.0/ext/json/ext/parser
make DESTDIR\= sitearchdir\=./.gem.20250923-12-kh2lfx sitelibdir\=./.gem.20250923-12-kh2lfx clean

current directory: /usr/local/bundle/ruby/3.4.0/gems/json-2.15.0/ext/json/ext/parser
make DESTDIR\= sitearchdir\=./.gem.20250923-12-kh2lfx sitelibdir\=./.gem.20250923-12-kh2lfx
compiling parser.c
linking shared-object json/ext/parser.so

current directory: /usr/local/bundle/ruby/3.4.0/gems/json-2.15.0/ext/json/ext/parser
make DESTDIR\= sitearchdir\=./.gem.20250923-12-kh2lfx sitelibdir\=./.gem.20250923-12-kh2lfx install
/usr/bin/install -c -m 0755 parser.so ./.gem.20250923-12-kh2lfx/json/ext

current directory: /usr/local/bundle/ruby/3.4.0/gems/json-2.15.0/ext/json/ext/parser
make DESTDIR\= sitearchdir\=./.gem.20250923-12-kh2lfx sitelibdir\=./.gem.20250923-12-kh2lfx clean
